optimization of topology, BL and inheritance probabilities using:
 hmax = 2,
 tolerance parameters: ftolRel=1.0e-6, ftolAbs=1.0e-6,
                       xtolAbs=0.001, xtolRel=0.01.
 max number of failed proposals = 75, liktolAbs = 1.0e-6.
rootname for files: net2
BEGIN: 10 runs on starting tree ((((Neobatrachus_pelobatoides_116515,((Neobatrachus_sutor_15343,Neobatrachus_wilsmorei_113973):0.6371587037757782,(Neobatrachus_albipes_15803,(Neobatrachus_kunapalari_16563)#H10:::0.7455310317304219):0.3691130652687055):0.07496731472637007):0.7991966603585016,Neobatrachus_pictus_15876):0.5514964442625705,(Neobatrachus_sudellae_23945,#H10:::0.2544689682695781):0.5039030446360516):0.6417562425913299,Neobatrachus_fulvus_17125,Neobatrachus_aquilonius_132170);
       using 20 processors

main seed 123
seed: 123 for run 1
seed: 76844 for run 2
seed: 94051 for run 3
seed: 67395 for run 4
seed: 39545 for run 5
seed: 31324 for run 6
seed: 66255 for run 7
seed: 58602 for run 8
seed: 5213 for run 9
seed: 26863 for run 10

2020-11-19 4:55:1.24
MaxNet is ((((((Neobatrachus_sutor_15343,Neobatrachus_wilsmorei_113973):0.6371584891037602,(Neobatrachus_albipes_15803,(Neobatrachus_kunapalari_16563)#H10:::0.7455308872649418):0.36911342559754634):0.07496778148970294,Neobatrachus_pelobatoides_116515):0.7991969221687099,Neobatrachus_pictus_15876):0.5514958885692183,(Neobatrachus_sudellae_23945,#H10:::0.2544691127350583):0.5039030737173741):0.6417560876344456,Neobatrachus_fulvus_17125,Neobatrachus_aquilonius_132170); 
with -loglik 60.84194160660433
